This file contains any messages produced by compilers while
running configure, to aid debugging if configure makes a mistake.

configure:563: checking for a BSD compatible install
configure:616: checking whether build environment is sane
configure:673: checking whether make sets ${MAKE}
configure:719: checking for working aclocal
configure:732: checking for working autoconf
configure:745: checking for working automake
configure:758: checking for working autoheader
configure:771: checking for working makeinfo
configure:787: checking whether make sets ${MAKE}
configure:816: checking for gcc
configure:929: checking whether the C compiler (/opt/homebrew/Cellar/emscripten/4.0.1/libexec/emcc  ) works
configure:945: /opt/homebrew/Cellar/emscripten/4.0.1/libexec/emcc -o conftest    conftest.c  1>&5
configure:971: checking whether the C compiler (/opt/homebrew/Cellar/emscripten/4.0.1/libexec/emcc  ) is a cross-compiler
configure:976: checking whether we are using GNU C
configure:1004: checking whether /opt/homebrew/Cellar/emscripten/4.0.1/libexec/emcc accepts -g
configure:1047: checking for a BSD compatible install
configure:1142: checking for sdl-config
configure:1177: checking for SDL - version >= 1.0.1
configure:1259: /opt/homebrew/Cellar/emscripten/4.0.1/libexec/emcc -o conftest -g -O2    conftest.c   1>&5
emcc: warning: running limited binaryen optimizations because DWARF info requested (or indirectly required) [-Wlimited-postlink-optimizations]
